# JRE version: OpenJDK Runtime Environment (8.0_152-b01) (build 1.8.0_152-release-915-b01)
# Java VM: OpenJDK 64-Bit Server VM (25.152-b01 mixed mode windows-amd64 compressed oops)
Heap:
 PSYoungGen      total 328704K, used 171588K [0x00000000e0000000, 0x00000000f9400000, 0x0000000100000000)
  eden space 291840K, 46% used [0x00000000e0000000,0x00000000e8392b58,0x00000000f1d00000)
  from space 36864K, 99% used [0x00000000f1d00000,0x00000000f40fe788,0x00000000f4100000)
  to   space 43008K, 0% used [0x00000000f6a00000,0x00000000f6a00000,0x00000000f9400000)
 ParOldGen       total 165888K, used 53529K [0x00000000a0000000, 0x00000000aa200000, 0x00000000e0000000)
  object space 165888K, 32% used [0x00000000a0000000,0x00000000a34466d0,0x00000000aa200000)
 Metaspace       used 83924K, capacity 88288K, committed 88408K, reserved 1126400K
  class space    used 10600K, capacity 11585K, committed 11648K, reserved 1048576K
GC Heap History (10 events):
Event: 4104.131 GC heap before
{Heap before GC invocations=18 (full 3):
 PSYoungGen      total 249344K, used 246700K [0x00000000e0000000, 0x00000000f1300000, 0x0000000100000000)
  eden space 226304K, 100% used [0x00000000e0000000,0x00000000edd00000,0x00000000edd00000)
  from space 23040K, 88% used [0x00000000ef580000,0x00000000f096b138,0x00000000f0c00000)
  to   space 25088K, 0% used [0x00000000edd00000,0x00000000edd00000,0x00000000ef580000)
 ParOldGen       total 165888K, used 46920K [0x00000000a0000000, 0x00000000aa200000, 0x00000000e0000000)
  object space 165888K, 28% used [0x00000000a0000000,0x00000000a2dd2190,0x00000000aa200000)
 Metaspace       used 71736K, capacity 75546K, committed 75864K, reserved 1114112K
  class space    used 9336K, capacity 10267K, committed 10368K, reserved 1048576K
Event: 4104.254 GC heap after
Heap after GC invocations=18 (full 3):
 PSYoungGen      total 251392K, used 15398K [0x00000000e0000000, 0x00000000f3280000, 0x0000000100000000)
  eden space 226304K, 0% used [0x00000000e0000000,0x00000000e0000000,0x00000000edd00000)
  from space 25088K, 61% used [0x00000000edd00000,0x00000000eec09978,0x00000000ef580000)
  to   space 24576K, 0% used [0x00000000f1a80000,0x00000000f1a80000,0x00000000f3280000)
 ParOldGen       total 165888K, used 46928K [0x00000000a0000000, 0x00000000aa200000, 0x00000000e0000000)
  object space 165888K, 28% used [0x00000000a0000000,0x00000000a2dd4190,0x00000000aa200000)
 Metaspace       used 71736K, capacity 75546K, committed 75864K, reserved 1114112K
  class space    used 9336K, capacity 10267K, committed 10368K, reserved 1048576K
}
Event: 4116.559 GC heap before
{Heap before GC invocations=19 (full 3):
 PSYoungGen      total 251392K, used 241702K [0x00000000e0000000, 0x00000000f3280000, 0x0000000100000000)
  eden space 226304K, 100% used [0x00000000e0000000,0x00000000edd00000,0x00000000edd00000)
  from space 25088K, 61% used [0x00000000edd00000,0x00000000eec09978,0x00000000ef580000)
  to   space 24576K, 0% used [0x00000000f1a80000,0x00000000f1a80000,0x00000000f3280000)
 ParOldGen       total 165888K, used 46928K [0x00000000a0000000, 0x00000000aa200000, 0x00000000e0000000)
  object space 165888K, 28% used [0x00000000a0000000,0x00000000a2dd4190,0x00000000aa200000)
 Metaspace       used 77846K, capacity 81646K, committed 81880K, reserved 1120256K
  class space    used 9976K, capacity 10911K, committed 11008K, reserved 1048576K
Event: 4116.621 GC heap after
Heap after GC invocations=19 (full 3):
 PSYoungGen      total 284672K, used 24550K [0x00000000e0000000, 0x00000000f3600000, 0x0000000100000000)
  eden space 260096K, 0% used [0x00000000e0000000,0x00000000e0000000,0x00000000efe00000)
  from space 24576K, 99% used [0x00000000f1a80000,0x00000000f3279ab0,0x00000000f3280000)
  to   space 28672K, 0% used [0x00000000efe00000,0x00000000efe00000,0x00000000f1a00000)
 ParOldGen       total 165888K, used 49192K [0x00000000a0000000, 0x00000000aa200000, 0x00000000e0000000)
  object space 165888K, 29% used [0x00000000a0000000,0x00000000a300a2c8,0x00000000aa200000)
 Metaspace       used 77846K, capacity 81646K, committed 81880K, reserved 1120256K
  class space    used 9976K, capacity 10911K, committed 11008K, reserved 1048576K
}
Event: 4120.503 GC heap before
{Heap before GC invocations=20 (full 3):
 PSYoungGen      total 284672K, used 283667K [0x00000000e0000000, 0x00000000f3600000, 0x0000000100000000)
  eden space 260096K, 99% used [0x00000000e0000000,0x00000000efd0b530,0x00000000efe00000)
  from space 24576K, 99% used [0x00000000f1a80000,0x00000000f3279ab0,0x00000000f3280000)
  to   space 28672K, 0% used [0x00000000efe00000,0x00000000efe00000,0x00000000f1a00000)
 ParOldGen       total 165888K, used 49192K [0x00000000a0000000, 0x00000000aa200000, 0x00000000e0000000)
  object space 165888K, 29% used [0x00000000a0000000,0x00000000a300a2c8,0x00000000aa200000)
 Metaspace       used 78740K, capacity 82712K, committed 83032K, reserved 1122304K
  class space    used 10112K, capacity 11044K, committed 11136K, reserved 1048576K
Event: 4120.673 GC heap after
Heap after GC invocations=20 (full 3):
 PSYoungGen      total 288768K, used 25910K [0x00000000e0000000, 0x00000000f6000000, 0x0000000100000000)
  eden space 260096K, 0% used [0x00000000e0000000,0x00000000e0000000,0x00000000efe00000)
  from space 28672K, 90% used [0x00000000efe00000,0x00000000f174d8d8,0x00000000f1a00000)
  to   space 31744K, 0% used [0x00000000f4100000,0x00000000f4100000,0x00000000f6000000)
 ParOldGen       total 165888K, used 49200K [0x00000000a0000000, 0x00000000aa200000, 0x00000000e0000000)
  object space 165888K, 29% used [0x00000000a0000000,0x00000000a300c2c8,0x00000000aa200000)
 Metaspace       used 78740K, capacity 82712K, committed 83032K, reserved 1122304K
  class space    used 10112K, capacity 11044K, committed 11136K, reserved 1048576K
}
Event: 4146.203 GC heap before
{Heap before GC invocations=21 (full 3):
 PSYoungGen      total 288768K, used 286006K [0x00000000e0000000, 0x00000000f6000000, 0x0000000100000000)
  eden space 260096K, 100% used [0x00000000e0000000,0x00000000efe00000,0x00000000efe00000)
  from space 28672K, 90% used [0x00000000efe00000,0x00000000f174d8d8,0x00000000f1a00000)
  to   space 31744K, 0% used [0x00000000f4100000,0x00000000f4100000,0x00000000f6000000)
 ParOldGen       total 165888K, used 49200K [0x00000000a0000000, 0x00000000aa200000, 0x00000000e0000000)
  object space 165888K, 29% used [0x00000000a0000000,0x00000000a300c2c8,0x00000000aa200000)
 Metaspace       used 83429K, capacity 87692K, committed 87896K, reserved 1126400K
  class space    used 10555K, capacity 11543K, committed 11648K, reserved 1048576K
Event: 4146.334 GC heap after
Heap after GC invocations=21 (full 3):
 PSYoungGen      total 323584K, used 31726K [0x00000000e0000000, 0x00000000f6580000, 0x0000000100000000)
  eden space 291840K, 0% used [0x00000000e0000000,0x00000000e0000000,0x00000000f1d00000)
  from space 31744K, 99% used [0x00000000f4100000,0x00000000f5ffb9c0,0x00000000f6000000)
  to   space 36864K, 0% used [0x00000000f1d00000,0x00000000f1d00000,0x00000000f4100000)
 ParOldGen       total 165888K, used 51424K [0x00000000a0000000, 0x00000000aa200000, 0x00000000e0000000)
  object space 165888K, 30% used [0x00000000a0000000,0x00000000a3238218,0x00000000aa200000)
 Metaspace       used 83429K, capacity 87692K, committed 87896K, reserved 1126400K
  class space    used 10555K, capacity 11543K, committed 11648K, reserved 1048576K
}
Event: 4150.867 GC heap before
{Heap before GC invocations=22 (full 3):
 PSYoungGen      total 323584K, used 323566K [0x00000000e0000000, 0x00000000f6580000, 0x0000000100000000)
  eden space 291840K, 100% used [0x00000000e0000000,0x00000000f1d00000,0x00000000f1d00000)
  from space 31744K, 99% used [0x00000000f4100000,0x00000000f5ffb9c0,0x00000000f6000000)
  to   space 36864K, 0% used [0x00000000f1d00000,0x00000000f1d00000,0x00000000f4100000)
 ParOldGen       total 165888K, used 51424K [0x00000000a0000000, 0x00000000aa200000, 0x00000000e0000000)
  object space 165888K, 30% used [0x00000000a0000000,0x00000000a3238218,0x00000000aa200000)
 Metaspace       used 83640K, capacity 87954K, committed 88152K, reserved 1126400K
  class space    used 10571K, capacity 11582K, committed 11648K, reserved 1048576K
Event: 4150.942 GC heap after
Heap after GC invocations=22 (full 3):
 PSYoungGen      total 328704K, used 36857K [0x00000000e0000000, 0x00000000f9400000, 0x0000000100000000)
  eden space 291840K, 0% used [0x00000000e0000000,0x00000000e0000000,0x00000000f1d00000)
  from space 36864K, 99% used [0x00000000f1d00000,0x00000000f40fe788,0x00000000f4100000)
  to   space 43008K, 0% used [0x00000000f6a00000,0x00000000f6a00000,0x00000000f9400000)
 ParOldGen       total 165888K, used 53529K [0x00000000a0000000, 0x00000000aa200000, 0x00000000e0000000)
  object space 165888K, 32% used [0x00000000a0000000,0x00000000a34466d0,0x00000000aa200000)
 Metaspace       used 83640K, capacity 87954K, committed 88152K, reserved 1126400K
  class space    used 10571K, capacity 11582K, committed 11648K, reserved 1048576K
}

